Compiling 1 files with Solc 0.8.24
Solc 0.8.24 finished in 17.03s
Compiler run successful!
Traces:
  [8912064] DeployCompleteSystem::run()
    ├─ [0] VM::envUint("PRIVATE_KEY") [staticcall]
    │   └─ ← [Return] <env var value>
    ├─ [0] VM::addr(<pk>) [staticcall]
    │   └─ ← [Return] 0x2514844F312c02Ae3C9d4fEb40db4eC8830b6844
    ├─ [0] VM::envOr("OPERATOR", 0x2514844F312c02Ae3C9d4fEb40db4eC8830b6844) [staticcall]
    │   └─ ← [Return] <env var value>
    ├─ [0] VM::envAddress("USDC_ADDRESS") [staticcall]
    │   └─ ← [Return] <env var value>
    ├─ [0] VM::envAddress("AUSDC_ADDRESS") [staticcall]
    │   └─ ← [Return] <env var value>
    ├─ [0] VM::envAddress("AAVE_POOL_ADDRESS") [staticcall]
    │   └─ ← [Return] <env var value>
    ├─ [0] VM::envAddress("UNISWAP_V3_ROUTER_ADDRESS") [staticcall]
    │   └─ ← [Return] <env var value>
    ├─ [0] VM::envOr("RECIPIENT_1", 0x0d8cE3C60C17f71171C5bAC1B40C05937b873711) [staticcall]
    │   └─ ← [Return] <env var value>
    ├─ [0] VM::envOr("RECIPIENT_2", 0xF08936cA98E0a97F24c5D997Db2252ae6aCCaa21) [staticcall]
    │   └─ ← [Return] <env var value>
    ├─ [0] VM::envOr("RECIPIENT_3", 0x0994b358dC0a58Dd2bD3cc222ef8ab6F1eB7BFEb) [staticcall]
    │   └─ ← [Return] <env var value>
    ├─ [0] console::log("Deploying from:", 0x2514844F312c02Ae3C9d4fEb40db4eC8830b6844) [staticcall]
    │   └─ ← [Stop]
    ├─ [0] console::log("Operator (AI agent):", 0x2514844F312c02Ae3C9d4fEb40db4eC8830b6844) [staticcall]
    │   └─ ← [Stop]
    ├─ [0] console::log("Deployer balance:", 0, "ETH") [staticcall]
    │   └─ ← [Stop]
    ├─ [0] console::log("Recipients:", 0x0d8cE3C60C17f71171C5bAC1B40C05937b873711, 0xF08936cA98E0a97F24c5D997Db2252ae6aCCaa21, 0x0994b358dC0a58Dd2bD3cc222ef8ab6F1eB7BFEb) [staticcall]
    │   └─ ← [Stop]
    ├─ [0] VM::startBroadcast(<pk>)
    │   └─ ← [Return]
    ├─ [0] console::log("\n=== Step 1: Deploying YieldDistributor ===") [staticcall]
    │   └─ ← [Stop]
    ├─ [986436] → new YieldDistributor@0xcfc85a3751f5E85B9bBaEb2b063Cf2edf05A4bf1
    │   ├─ emit RoleGranted(role: 0x0000000000000000000000000000000000000000000000000000000000000000, account: 0x2514844F312c02Ae3C9d4fEb40db4eC8830b6844, sender: 0x2514844F312c02Ae3C9d4fEb40db4eC8830b6844)
    │   ├─ emit RecipientAdded(recipient: 0x0d8cE3C60C17f71171C5bAC1B40C05937b873711)
    │   ├─ emit RecipientAdded(recipient: 0xF08936cA98E0a97F24c5D997Db2252ae6aCCaa21)
    │   ├─ emit RecipientAdded(recipient: 0x0994b358dC0a58Dd2bD3cc222ef8ab6F1eB7BFEb)
    │   └─ ← [Return] 3883 bytes of code
    ├─ [0] console::log("YieldDistributor deployed at:", YieldDistributor: [0xcfc85a3751f5E85B9bBaEb2b063Cf2edf05A4bf1]) [staticcall]
    │   └─ ← [Stop]
    ├─ [340] YieldDistributor::recipientCount() [staticcall]
    │   └─ ← [Return] 3
    ├─ [0] console::log("Recipients count:", 3) [staticcall]
    │   └─ ← [Stop]
    ├─ [0] console::log("\n=== Step 2: Deploying YieldVault ===") [staticcall]
    │   └─ ← [Stop]
    ├─ [3001369] → new YieldVault@0x017875f2Dd2f0B15534073B37046Cc5070C1B301
    │   ├─ [3323] TestnetERC20::symbol() [staticcall]
    │   │   └─ ← [Return] "USDC"
    │   ├─ [1323] TestnetERC20::symbol() [staticcall]
    │   │   └─ ← [Return] "USDC"
    │   ├─ [2311] TestnetERC20::decimals() [staticcall]
    │   │   └─ ← [Return] 6
    │   ├─ emit RoleGranted(role: 0x0000000000000000000000000000000000000000000000000000000000000000, account: 0x2514844F312c02Ae3C9d4fEb40db4eC8830b6844, sender: 0x2514844F312c02Ae3C9d4fEb40db4eC8830b6844)
    │   ├─ emit RoleGranted(role: 0x65d7a28e3265b37a6474929f336521b332c1681b933f6cb9f3376673440d862a, account: 0x2514844F312c02Ae3C9d4fEb40db4eC8830b6844, sender: 0x2514844F312c02Ae3C9d4fEb40db4eC8830b6844)
    │   ├─ emit RoleGranted(role: 0x97667070c54ef182b0f5858b034beac1b6f3089aa2d3188bb1e8929f4fa9b929, account: 0x2514844F312c02Ae3C9d4fEb40db4eC8830b6844, sender: 0x2514844F312c02Ae3C9d4fEb40db4eC8830b6844)
    │   ├─ [24640] TestnetERC20::approve(0x8bAB6d1b75f19e9eD9fCe8b9BD338844fF79aE27, 115792089237316195423570985008687907853269984665640564039457584007913129639935 [1.157e77])
    │   │   ├─ emit Approval(owner: YieldVault: [0x017875f2Dd2f0B15534073B37046Cc5070C1B301], spender: 0x8bAB6d1b75f19e9eD9fCe8b9BD338844fF79aE27, value: 115792089237316195423570985008687907853269984665640564039457584007913129639935 [1.157e77])
    │   │   └─ ← [Return] true
    │   └─ ← [Return] 13766 bytes of code
    ├─ [0] console::log("YieldVault deployed at:", YieldVault: [0x017875f2Dd2f0B15534073B37046Cc5070C1B301]) [staticcall]
    │   └─ ← [Stop]
    ├─ [0] console::log("\n=== Step 3: Deploying YieldStrategy ===") [staticcall]
    │   └─ ← [Stop]
    ├─ [1736572] → new YieldStrategy@0xb0f59799fF2e5a2957185C84fD960a76E0A3c2Cc
    │   ├─ [581] YieldVault::asset() [staticcall]
    │   │   └─ ← [Return] TestnetERC20: [0xba50Cd2A20f6DA35D788639E581bca8d0B5d4D5f]
    │   ├─ emit RoleGranted(role: 0x0000000000000000000000000000000000000000000000000000000000000000, account: 0x2514844F312c02Ae3C9d4fEb40db4eC8830b6844, sender: 0x2514844F312c02Ae3C9d4fEb40db4eC8830b6844)
    │   ├─ emit RoleGranted(role: 0x97667070c54ef182b0f5858b034beac1b6f3089aa2d3188bb1e8929f4fa9b929, account: 0x2514844F312c02Ae3C9d4fEb40db4eC8830b6844, sender: 0x2514844F312c02Ae3C9d4fEb40db4eC8830b6844)
    │   ├─ emit RoleGranted(role: 0x65d7a28e3265b37a6474929f336521b332c1681b933f6cb9f3376673440d862a, account: 0x2514844F312c02Ae3C9d4fEb40db4eC8830b6844, sender: 0x2514844F312c02Ae3C9d4fEb40db4eC8830b6844)
    │   ├─ [24640] TestnetERC20::approve(YieldVault: [0x017875f2Dd2f0B15534073B37046Cc5070C1B301], 115792089237316195423570985008687907853269984665640564039457584007913129639935 [1.157e77])
    │   │   ├─ emit Approval(owner: YieldStrategy: [0xb0f59799fF2e5a2957185C84fD960a76E0A3c2Cc], spender: YieldVault: [0x017875f2Dd2f0B15534073B37046Cc5070C1B301], value: 115792089237316195423570985008687907853269984665640564039457584007913129639935 [1.157e77])
    │   │   └─ ← [Return] true
    │   └─ ← [Return] 7614 bytes of code
    ├─ [0] console::log("YieldStrategy deployed at:", YieldStrategy: [0xb0f59799fF2e5a2957185C84fD960a76E0A3c2Cc]) [staticcall]
    │   └─ ← [Stop]
    ├─ [0] console::log("\n=== Step 4: Configuring Vault ===") [staticcall]
    │   └─ ← [Stop]
    ├─ [26221] YieldVault::addStrategy(YieldStrategy: [0xb0f59799fF2e5a2957185C84fD960a76E0A3c2Cc])
    │   ├─ emit RoleGranted(role: 0x928286c473ded01ff8bf61a1986f14a0579066072fa8261442d9fea514d93a4c, account: YieldStrategy: [0xb0f59799fF2e5a2957185C84fD960a76E0A3c2Cc], sender: 0x2514844F312c02Ae3C9d4fEb40db4eC8830b6844)
    │   ├─ emit StrategyAdded(strategy: YieldStrategy: [0xb0f59799fF2e5a2957185C84fD960a76E0A3c2Cc])
    │   └─ ← [Return]
    ├─ [0] console::log("Strategy added to vault") [staticcall]
    │   └─ ← [Stop]
    ├─ [0] console::log("\n=== Step 5: Deploying YieldOrchestrator ===") [staticcall]
    │   └─ ← [Stop]
    ├─ [1465024] → new YieldOrchestrator@0x09FeE3d1d117594d604575f104EBE8995e26AE36
    │   ├─ emit RoleGranted(role: 0x0000000000000000000000000000000000000000000000000000000000000000, account: 0x2514844F312c02Ae3C9d4fEb40db4eC8830b6844, sender: 0x2514844F312c02Ae3C9d4fEb40db4eC8830b6844)
    │   ├─ emit RoleGranted(role: 0x97667070c54ef182b0f5858b034beac1b6f3089aa2d3188bb1e8929f4fa9b929, account: 0x2514844F312c02Ae3C9d4fEb40db4eC8830b6844, sender: 0x2514844F312c02Ae3C9d4fEb40db4eC8830b6844)
    │   └─ ← [Return] 6960 bytes of code
    ├─ [0] console::log("YieldOrchestrator deployed at:", YieldOrchestrator: [0x09FeE3d1d117594d604575f104EBE8995e26AE36]) [staticcall]
    │   └─ ← [Stop]
    ├─ [0] console::log("\n=== Step 6: Registering Strategy ===") [staticcall]
    │   └─ ← [Stop]
    ├─ [92189] YieldOrchestrator::setStrategy(TestnetERC20: [0xba50Cd2A20f6DA35D788639E581bca8d0B5d4D5f], YieldStrategy: [0xb0f59799fF2e5a2957185C84fD960a76E0A3c2Cc])
    │   ├─ [483] YieldStrategy::asset() [staticcall]
    │   │   └─ ← [Return] TestnetERC20: [0xba50Cd2A20f6DA35D788639E581bca8d0B5d4D5f]
    │   ├─ emit StrategySet(asset: TestnetERC20: [0xba50Cd2A20f6DA35D788639E581bca8d0B5d4D5f], strategy: YieldStrategy: [0xb0f59799fF2e5a2957185C84fD960a76E0A3c2Cc])
    │   └─ ← [Stop]
    ├─ [0] console::log("Strategy registered in orchestrator") [staticcall]
    │   └─ ← [Stop]
    ├─ [0] console::log("\n=== Step 7: Deploying YieldReallocator ===") [staticcall]
    │   └─ ← [Stop]
    ├─ [1152770] → new YieldReallocator@0x4e2BB144737c132cb603F5C3FE3846E8cd24Ae21
    │   ├─ emit RoleGranted(role: 0x0000000000000000000000000000000000000000000000000000000000000000, account: 0x2514844F312c02Ae3C9d4fEb40db4eC8830b6844, sender: 0x2514844F312c02Ae3C9d4fEb40db4eC8830b6844)
    │   ├─ emit RoleGranted(role: 0x97667070c54ef182b0f5858b034beac1b6f3089aa2d3188bb1e8929f4fa9b929, account: 0x2514844F312c02Ae3C9d4fEb40db4eC8830b6844, sender: 0x2514844F312c02Ae3C9d4fEb40db4eC8830b6844)
    │   └─ ← [Return] 5402 bytes of code
    ├─ [0] console::log("YieldReallocator deployed at:", YieldReallocator: [0x4e2BB144737c132cb603F5C3FE3846E8cd24Ae21]) [staticcall]
    │   └─ ← [Stop]
    ├─ [0] console::log("\n=== Step 8: Granting Roles ===") [staticcall]
    │   └─ ← [Stop]
    ├─ [25380] YieldStrategy::addOperator(YieldOrchestrator: [0x09FeE3d1d117594d604575f104EBE8995e26AE36])
    │   ├─ emit RoleGranted(role: 0x97667070c54ef182b0f5858b034beac1b6f3089aa2d3188bb1e8929f4fa9b929, account: YieldOrchestrator: [0x09FeE3d1d117594d604575f104EBE8995e26AE36], sender: 0x2514844F312c02Ae3C9d4fEb40db4eC8830b6844)
    │   └─ ← [Stop]
    ├─ [25380] YieldStrategy::addOperator(YieldReallocator: [0x4e2BB144737c132cb603F5C3FE3846E8cd24Ae21])
    │   ├─ emit RoleGranted(role: 0x97667070c54ef182b0f5858b034beac1b6f3089aa2d3188bb1e8929f4fa9b929, account: YieldReallocator: [0x4e2BB144737c132cb603F5C3FE3846E8cd24Ae21], sender: 0x2514844F312c02Ae3C9d4fEb40db4eC8830b6844)
    │   └─ ← [Stop]
    ├─ [0] console::log("Orchestrator and Reallocator granted operator role in strategy") [staticcall]
    │   └─ ← [Stop]
    ├─ [25660] YieldVault::addOperator(YieldOrchestrator: [0x09FeE3d1d117594d604575f104EBE8995e26AE36])
    │   ├─ emit RoleGranted(role: 0x97667070c54ef182b0f5858b034beac1b6f3089aa2d3188bb1e8929f4fa9b929, account: YieldOrchestrator: [0x09FeE3d1d117594d604575f104EBE8995e26AE36], sender: 0x2514844F312c02Ae3C9d4fEb40db4eC8830b6844)
    │   └─ ← [Return]
    ├─ [1530] YieldVault::addOperator(0x2514844F312c02Ae3C9d4fEb40db4eC8830b6844)
    │   └─ ← [Return]
    ├─ [0] console::log("Orchestrator and operator granted operator role in vault") [staticcall]
    │   └─ ← [Stop]
    ├─ [0] VM::stopBroadcast()
    │   └─ ← [Return]
    ├─ [0] console::log("\n=== Deployment Complete ===") [staticcall]
    │   └─ ← [Stop]
    ├─ [0] console::log("YieldVault:", YieldVault: [0x017875f2Dd2f0B15534073B37046Cc5070C1B301]) [staticcall]
    │   └─ ← [Stop]
    ├─ [0] console::log("YieldDistributor:", YieldDistributor: [0xcfc85a3751f5E85B9bBaEb2b063Cf2edf05A4bf1]) [staticcall]
    │   └─ ← [Stop]
    ├─ [0] console::log("YieldStrategy:", YieldStrategy: [0xb0f59799fF2e5a2957185C84fD960a76E0A3c2Cc]) [staticcall]
    │   └─ ← [Stop]
    ├─ [0] console::log("YieldOrchestrator:", YieldOrchestrator: [0x09FeE3d1d117594d604575f104EBE8995e26AE36]) [staticcall]
    │   └─ ← [Stop]
    ├─ [0] console::log("YieldReallocator:", YieldReallocator: [0x4e2BB144737c132cb603F5C3FE3846E8cd24Ae21]) [staticcall]
    │   └─ ← [Stop]
    ├─ [0] console::log("\n=== Next Steps ===") [staticcall]
    │   └─ ← [Stop]
    ├─ [0] console::log("1. Fund operator wallet with USDC") [staticcall]
    │   └─ ← [Stop]
    ├─ [0] console::log("2. Use InteractWithSystem.s.sol to perform operations") [staticcall]
    │   └─ ← [Stop]
    ├─ [0] console::log("3. Recipients can be updated via distributor.setRecipients()") [staticcall]
    │   └─ ← [Stop]
    └─ ← [Return]


Script ran successfully.

== Logs ==
  Deploying from: 0x2514844F312c02Ae3C9d4fEb40db4eC8830b6844
  Operator (AI agent): 0x2514844F312c02Ae3C9d4fEb40db4eC8830b6844
  Deployer balance: 0 ETH
  Recipients: 0x0d8cE3C60C17f71171C5bAC1B40C05937b873711 0xF08936cA98E0a97F24c5D997Db2252ae6aCCaa21 0x0994b358dC0a58Dd2bD3cc222ef8ab6F1eB7BFEb
  
=== Step 1: Deploying YieldDistributor ===
  YieldDistributor deployed at: 0xcfc85a3751f5E85B9bBaEb2b063Cf2edf05A4bf1
  Recipients count: 3
  
=== Step 2: Deploying YieldVault ===
  YieldVault deployed at: 0x017875f2Dd2f0B15534073B37046Cc5070C1B301
  
=== Step 3: Deploying YieldStrategy ===
  YieldStrategy deployed at: 0xb0f59799fF2e5a2957185C84fD960a76E0A3c2Cc
  
=== Step 4: Configuring Vault ===
  Strategy added to vault
  
=== Step 5: Deploying YieldOrchestrator ===
  YieldOrchestrator deployed at: 0x09FeE3d1d117594d604575f104EBE8995e26AE36
  
=== Step 6: Registering Strategy ===
  Strategy registered in orchestrator
  
=== Step 7: Deploying YieldReallocator ===
  YieldReallocator deployed at: 0x4e2BB144737c132cb603F5C3FE3846E8cd24Ae21
  
=== Step 8: Granting Roles ===
  Orchestrator and Reallocator granted operator role in strategy
  Orchestrator and operator granted operator role in vault
  
=== Deployment Complete ===
  YieldVault: 0x017875f2Dd2f0B15534073B37046Cc5070C1B301
  YieldDistributor: 0xcfc85a3751f5E85B9bBaEb2b063Cf2edf05A4bf1
  YieldStrategy: 0xb0f59799fF2e5a2957185C84fD960a76E0A3c2Cc
  YieldOrchestrator: 0x09FeE3d1d117594d604575f104EBE8995e26AE36
  YieldReallocator: 0x4e2BB144737c132cb603F5C3FE3846E8cd24Ae21
  
=== Next Steps ===
  1. Fund operator wallet with USDC
  2. Use InteractWithSystem.s.sol to perform operations
  3. Recipients can be updated via distributor.setRecipients()

## Setting up 1 EVM.
==========================
Simulated On-chain Traces:

  [986436] → new YieldDistributor@0xcfc85a3751f5E85B9bBaEb2b063Cf2edf05A4bf1
    ├─ emit RoleGranted(role: 0x0000000000000000000000000000000000000000000000000000000000000000, account: 0x2514844F312c02Ae3C9d4fEb40db4eC8830b6844, sender: 0x2514844F312c02Ae3C9d4fEb40db4eC8830b6844)
    ├─ emit RecipientAdded(recipient: 0x0d8cE3C60C17f71171C5bAC1B40C05937b873711)
    ├─ emit RecipientAdded(recipient: 0xF08936cA98E0a97F24c5D997Db2252ae6aCCaa21)
    ├─ emit RecipientAdded(recipient: 0x0994b358dC0a58Dd2bD3cc222ef8ab6F1eB7BFEb)
    └─ ← [Return] 3883 bytes of code

  [3001369] → new YieldVault@0x017875f2Dd2f0B15534073B37046Cc5070C1B301
    ├─ [3323] TestnetERC20::symbol() [staticcall]
    │   └─ ← [Return] "USDC"
    ├─ [1323] TestnetERC20::symbol() [staticcall]
    │   └─ ← [Return] "USDC"
    ├─ [2311] TestnetERC20::decimals() [staticcall]
    │   └─ ← [Return] 6
    ├─ emit RoleGranted(role: 0x0000000000000000000000000000000000000000000000000000000000000000, account: 0x2514844F312c02Ae3C9d4fEb40db4eC8830b6844, sender: 0x2514844F312c02Ae3C9d4fEb40db4eC8830b6844)
    ├─ emit RoleGranted(role: 0x65d7a28e3265b37a6474929f336521b332c1681b933f6cb9f3376673440d862a, account: 0x2514844F312c02Ae3C9d4fEb40db4eC8830b6844, sender: 0x2514844F312c02Ae3C9d4fEb40db4eC8830b6844)
    ├─ emit RoleGranted(role: 0x97667070c54ef182b0f5858b034beac1b6f3089aa2d3188bb1e8929f4fa9b929, account: 0x2514844F312c02Ae3C9d4fEb40db4eC8830b6844, sender: 0x2514844F312c02Ae3C9d4fEb40db4eC8830b6844)
    ├─ [24640] TestnetERC20::approve(0x8bAB6d1b75f19e9eD9fCe8b9BD338844fF79aE27, 115792089237316195423570985008687907853269984665640564039457584007913129639935 [1.157e77])
    │   ├─ emit Approval(owner: YieldVault: [0x017875f2Dd2f0B15534073B37046Cc5070C1B301], spender: 0x8bAB6d1b75f19e9eD9fCe8b9BD338844fF79aE27, value: 115792089237316195423570985008687907853269984665640564039457584007913129639935 [1.157e77])
    │   └─ ← [Return] true
    └─ ← [Return] 13766 bytes of code

  [1741572] → new YieldStrategy@0xb0f59799fF2e5a2957185C84fD960a76E0A3c2Cc
    ├─ [581] YieldVault::asset() [staticcall]
    │   └─ ← [Return] TestnetERC20: [0xba50Cd2A20f6DA35D788639E581bca8d0B5d4D5f]
    ├─ emit RoleGranted(role: 0x0000000000000000000000000000000000000000000000000000000000000000, account: 0x2514844F312c02Ae3C9d4fEb40db4eC8830b6844, sender: 0x2514844F312c02Ae3C9d4fEb40db4eC8830b6844)
    ├─ emit RoleGranted(role: 0x97667070c54ef182b0f5858b034beac1b6f3089aa2d3188bb1e8929f4fa9b929, account: 0x2514844F312c02Ae3C9d4fEb40db4eC8830b6844, sender: 0x2514844F312c02Ae3C9d4fEb40db4eC8830b6844)
    ├─ emit RoleGranted(role: 0x65d7a28e3265b37a6474929f336521b332c1681b933f6cb9f3376673440d862a, account: 0x2514844F312c02Ae3C9d4fEb40db4eC8830b6844, sender: 0x2514844F312c02Ae3C9d4fEb40db4eC8830b6844)
    ├─ [24640] TestnetERC20::approve(YieldVault: [0x017875f2Dd2f0B15534073B37046Cc5070C1B301], 115792089237316195423570985008687907853269984665640564039457584007913129639935 [1.157e77])
    │   ├─ emit Approval(owner: YieldStrategy: [0xb0f59799fF2e5a2957185C84fD960a76E0A3c2Cc], spender: YieldVault: [0x017875f2Dd2f0B15534073B37046Cc5070C1B301], value: 115792089237316195423570985008687907853269984665640564039457584007913129639935 [1.157e77])
    │   └─ ← [Return] true
    └─ ← [Return] 7614 bytes of code

  [28221] YieldVault::addStrategy(YieldStrategy: [0xb0f59799fF2e5a2957185C84fD960a76E0A3c2Cc])
    ├─ emit RoleGranted(role: 0x928286c473ded01ff8bf61a1986f14a0579066072fa8261442d9fea514d93a4c, account: YieldStrategy: [0xb0f59799fF2e5a2957185C84fD960a76E0A3c2Cc], sender: 0x2514844F312c02Ae3C9d4fEb40db4eC8830b6844)
    ├─ emit StrategyAdded(strategy: YieldStrategy: [0xb0f59799fF2e5a2957185C84fD960a76E0A3c2Cc])
    └─ ← [Return]

  [1465024] → new YieldOrchestrator@0x09FeE3d1d117594d604575f104EBE8995e26AE36
    ├─ emit RoleGranted(role: 0x0000000000000000000000000000000000000000000000000000000000000000, account: 0x2514844F312c02Ae3C9d4fEb40db4eC8830b6844, sender: 0x2514844F312c02Ae3C9d4fEb40db4eC8830b6844)
    ├─ emit RoleGranted(role: 0x97667070c54ef182b0f5858b034beac1b6f3089aa2d3188bb1e8929f4fa9b929, account: 0x2514844F312c02Ae3C9d4fEb40db4eC8830b6844, sender: 0x2514844F312c02Ae3C9d4fEb40db4eC8830b6844)
    └─ ← [Return] 6960 bytes of code

  [96689] YieldOrchestrator::setStrategy(TestnetERC20: [0xba50Cd2A20f6DA35D788639E581bca8d0B5d4D5f], YieldStrategy: [0xb0f59799fF2e5a2957185C84fD960a76E0A3c2Cc])
    ├─ [483] YieldStrategy::asset() [staticcall]
    │   └─ ← [Return] TestnetERC20: [0xba50Cd2A20f6DA35D788639E581bca8d0B5d4D5f]
    ├─ emit StrategySet(asset: TestnetERC20: [0xba50Cd2A20f6DA35D788639E581bca8d0B5d4D5f], strategy: YieldStrategy: [0xb0f59799fF2e5a2957185C84fD960a76E0A3c2Cc])
    └─ ← [Stop]

  [1152770] → new YieldReallocator@0x4e2BB144737c132cb603F5C3FE3846E8cd24Ae21
    ├─ emit RoleGranted(role: 0x0000000000000000000000000000000000000000000000000000000000000000, account: 0x2514844F312c02Ae3C9d4fEb40db4eC8830b6844, sender: 0x2514844F312c02Ae3C9d4fEb40db4eC8830b6844)
    ├─ emit RoleGranted(role: 0x97667070c54ef182b0f5858b034beac1b6f3089aa2d3188bb1e8929f4fa9b929, account: 0x2514844F312c02Ae3C9d4fEb40db4eC8830b6844, sender: 0x2514844F312c02Ae3C9d4fEb40db4eC8830b6844)
    └─ ← [Return] 5402 bytes of code

  [27380] YieldStrategy::addOperator(YieldOrchestrator: [0x09FeE3d1d117594d604575f104EBE8995e26AE36])
    ├─ emit RoleGranted(role: 0x97667070c54ef182b0f5858b034beac1b6f3089aa2d3188bb1e8929f4fa9b929, account: YieldOrchestrator: [0x09FeE3d1d117594d604575f104EBE8995e26AE36], sender: 0x2514844F312c02Ae3C9d4fEb40db4eC8830b6844)
    └─ ← [Stop]

  [27380] YieldStrategy::addOperator(YieldReallocator: [0x4e2BB144737c132cb603F5C3FE3846E8cd24Ae21])
    ├─ emit RoleGranted(role: 0x97667070c54ef182b0f5858b034beac1b6f3089aa2d3188bb1e8929f4fa9b929, account: YieldReallocator: [0x4e2BB144737c132cb603F5C3FE3846E8cd24Ae21], sender: 0x2514844F312c02Ae3C9d4fEb40db4eC8830b6844)
    └─ ← [Stop]

  [27660] YieldVault::addOperator(YieldOrchestrator: [0x09FeE3d1d117594d604575f104EBE8995e26AE36])
    ├─ emit RoleGranted(role: 0x97667070c54ef182b0f5858b034beac1b6f3089aa2d3188bb1e8929f4fa9b929, account: YieldOrchestrator: [0x09FeE3d1d117594d604575f104EBE8995e26AE36], sender: 0x2514844F312c02Ae3C9d4fEb40db4eC8830b6844)
    └─ ← [Return]

  [5530] YieldVault::addOperator(0x2514844F312c02Ae3C9d4fEb40db4eC8830b6844)
    └─ ← [Return]


==========================

Chain 84532

Estimated gas price: 0.0014 gwei

Estimated total gas used for script: 12603707

Estimated amount required: 0.0000176451898 ETH

==========================

Transactions saved to: /Users/sam/yield-streamer-donation-flow/broadcast/DeployCompleteSystem.s.sol/84532/run-latest.json

Sensitive values saved to: /Users/sam/yield-streamer-donation-flow/cache/DeployCompleteSystem.s.sol/84532/run-latest.json

Error: Failed to send transaction

Context:
- server returned an error response: error code -32000: in-flight transaction limit reached for delegated accounts
