Compiling 1 files with Solc 0.8.24
Solc 0.8.24 finished in 16.77s
Compiler run successful!
Traces:
  [8837332] DeployCompleteSystem::run()
    ├─ [0] VM::envUint("PRIVATE_KEY") [staticcall]
    │   └─ ← [Return] <env var value>
    ├─ [0] VM::addr(<pk>) [staticcall]
    │   └─ ← [Return] 0x2514844F312c02Ae3C9d4fEb40db4eC8830b6844
    ├─ [0] VM::envOr("OPERATOR", 0x2514844F312c02Ae3C9d4fEb40db4eC8830b6844) [staticcall]
    │   └─ ← [Return] <env var value>
    ├─ [0] VM::envOr("RECIPIENT_1", 0x0d8cE3C60C17f71171C5bAC1B40C05937b873711) [staticcall]
    │   └─ ← [Return] <env var value>
    ├─ [0] VM::envOr("RECIPIENT_2", 0xF08936cA98E0a97F24c5D997Db2252ae6aCCaa21) [staticcall]
    │   └─ ← [Return] <env var value>
    ├─ [0] VM::envOr("RECIPIENT_3", 0x0994b358dC0a58Dd2bD3cc222ef8ab6F1eB7BFEb) [staticcall]
    │   └─ ← [Return] <env var value>
    ├─ [0] console::log("Deploying from:", 0x2514844F312c02Ae3C9d4fEb40db4eC8830b6844) [staticcall]
    │   └─ ← [Stop]
    ├─ [0] console::log("Operator (AI agent):", 0x2514844F312c02Ae3C9d4fEb40db4eC8830b6844) [staticcall]
    │   └─ ← [Stop]
    ├─ [0] console::log("Deployer balance:", 0, "ETH") [staticcall]
    │   └─ ← [Stop]
    ├─ [0] console::log("Recipients:", 0x0d8cE3C60C17f71171C5bAC1B40C05937b873711, 0xF08936cA98E0a97F24c5D997Db2252ae6aCCaa21, 0x0994b358dC0a58Dd2bD3cc222ef8ab6F1eB7BFEb) [staticcall]
    │   └─ ← [Stop]
    ├─ [0] VM::startBroadcast(<pk>)
    │   └─ ← [Return]
    ├─ [0] console::log("\n=== Step 1: Deploying YieldDistributor ===") [staticcall]
    │   └─ ← [Stop]
    ├─ [986436] → new YieldDistributor@0x8b3E7C3c85c9A72A70693905Ef414fcA009a2752
    │   ├─ emit RoleGranted(role: 0x0000000000000000000000000000000000000000000000000000000000000000, account: 0x2514844F312c02Ae3C9d4fEb40db4eC8830b6844, sender: 0x2514844F312c02Ae3C9d4fEb40db4eC8830b6844)
    │   ├─ emit RecipientAdded(recipient: 0x0d8cE3C60C17f71171C5bAC1B40C05937b873711)
    │   ├─ emit RecipientAdded(recipient: 0xF08936cA98E0a97F24c5D997Db2252ae6aCCaa21)
    │   ├─ emit RecipientAdded(recipient: 0x0994b358dC0a58Dd2bD3cc222ef8ab6F1eB7BFEb)
    │   └─ ← [Return] 3883 bytes of code
    ├─ [0] console::log("YieldDistributor deployed at:", YieldDistributor: [0x8b3E7C3c85c9A72A70693905Ef414fcA009a2752]) [staticcall]
    │   └─ ← [Stop]
    ├─ [340] YieldDistributor::recipientCount() [staticcall]
    │   └─ ← [Return] 3
    ├─ [0] console::log("Recipients count:", 3) [staticcall]
    │   └─ ← [Stop]
    ├─ [0] console::log("\n=== Step 2: Deploying YieldVault ===") [staticcall]
    │   └─ ← [Stop]
    ├─ [3001388] → new YieldVault@0x9a8a9f2C29b0B4B1eB2dF330cD7Ed3BDb9fe9c32
    │   ├─ [3331] 0x94a9D9AC8a22534E3FaCa9F4e7F2E2cf85d5E4C8::symbol() [staticcall]
    │   │   └─ ← [Return] "USDC"
    │   ├─ [1331] 0x94a9D9AC8a22534E3FaCa9F4e7F2E2cf85d5E4C8::symbol() [staticcall]
    │   │   └─ ← [Return] "USDC"
    │   ├─ [2335] 0x94a9D9AC8a22534E3FaCa9F4e7F2E2cf85d5E4C8::decimals() [staticcall]
    │   │   └─ ← [Return] 6
    │   ├─ emit RoleGranted(role: 0x0000000000000000000000000000000000000000000000000000000000000000, account: 0x2514844F312c02Ae3C9d4fEb40db4eC8830b6844, sender: 0x2514844F312c02Ae3C9d4fEb40db4eC8830b6844)
    │   ├─ emit RoleGranted(role: 0x65d7a28e3265b37a6474929f336521b332c1681b933f6cb9f3376673440d862a, account: 0x2514844F312c02Ae3C9d4fEb40db4eC8830b6844, sender: 0x2514844F312c02Ae3C9d4fEb40db4eC8830b6844)
    │   ├─ emit RoleGranted(role: 0x97667070c54ef182b0f5858b034beac1b6f3089aa2d3188bb1e8929f4fa9b929, account: 0x2514844F312c02Ae3C9d4fEb40db4eC8830b6844, sender: 0x2514844F312c02Ae3C9d4fEb40db4eC8830b6844)
    │   ├─ [24619] 0x94a9D9AC8a22534E3FaCa9F4e7F2E2cf85d5E4C8::approve(0x6Ae43d3271ff6888e7Fc43Fd7321a503ff738951, 115792089237316195423570985008687907853269984665640564039457584007913129639935 [1.157e77])
    │   │   ├─ emit Approval(owner: YieldVault: [0x9a8a9f2C29b0B4B1eB2dF330cD7Ed3BDb9fe9c32], spender: 0x6Ae43d3271ff6888e7Fc43Fd7321a503ff738951, value: 115792089237316195423570985008687907853269984665640564039457584007913129639935 [1.157e77])
    │   │   └─ ← [Return] true
    │   └─ ← [Return] 13766 bytes of code
    ├─ [0] console::log("YieldVault deployed at:", YieldVault: [0x9a8a9f2C29b0B4B1eB2dF330cD7Ed3BDb9fe9c32]) [staticcall]
    │   └─ ← [Stop]
    ├─ [0] console::log("\n=== Step 3: Deploying YieldStrategy ===") [staticcall]
    │   └─ ← [Stop]
    ├─ [1736551] → new YieldStrategy@0xa5F9AE7d04BB9306cdfaAa940B5C660d18D11bA2
    │   ├─ [581] YieldVault::asset() [staticcall]
    │   │   └─ ← [Return] 0x94a9D9AC8a22534E3FaCa9F4e7F2E2cf85d5E4C8
    │   ├─ emit RoleGranted(role: 0x0000000000000000000000000000000000000000000000000000000000000000, account: 0x2514844F312c02Ae3C9d4fEb40db4eC8830b6844, sender: 0x2514844F312c02Ae3C9d4fEb40db4eC8830b6844)
    │   ├─ emit RoleGranted(role: 0x97667070c54ef182b0f5858b034beac1b6f3089aa2d3188bb1e8929f4fa9b929, account: 0x2514844F312c02Ae3C9d4fEb40db4eC8830b6844, sender: 0x2514844F312c02Ae3C9d4fEb40db4eC8830b6844)
    │   ├─ emit RoleGranted(role: 0x65d7a28e3265b37a6474929f336521b332c1681b933f6cb9f3376673440d862a, account: 0x2514844F312c02Ae3C9d4fEb40db4eC8830b6844, sender: 0x2514844F312c02Ae3C9d4fEb40db4eC8830b6844)
    │   ├─ [24619] 0x94a9D9AC8a22534E3FaCa9F4e7F2E2cf85d5E4C8::approve(YieldVault: [0x9a8a9f2C29b0B4B1eB2dF330cD7Ed3BDb9fe9c32], 115792089237316195423570985008687907853269984665640564039457584007913129639935 [1.157e77])
    │   │   ├─ emit Approval(owner: YieldStrategy: [0xa5F9AE7d04BB9306cdfaAa940B5C660d18D11bA2], spender: YieldVault: [0x9a8a9f2C29b0B4B1eB2dF330cD7Ed3BDb9fe9c32], value: 115792089237316195423570985008687907853269984665640564039457584007913129639935 [1.157e77])
    │   │   └─ ← [Return] true
    │   └─ ← [Return] 7614 bytes of code
    ├─ [0] console::log("YieldStrategy deployed at:", YieldStrategy: [0xa5F9AE7d04BB9306cdfaAa940B5C660d18D11bA2]) [staticcall]
    │   └─ ← [Stop]
    ├─ [0] console::log("\n=== Step 4: Configuring Vault ===") [staticcall]
    │   └─ ← [Stop]
    ├─ [26221] YieldVault::addStrategy(YieldStrategy: [0xa5F9AE7d04BB9306cdfaAa940B5C660d18D11bA2])
    │   ├─ emit RoleGranted(role: 0x928286c473ded01ff8bf61a1986f14a0579066072fa8261442d9fea514d93a4c, account: YieldStrategy: [0xa5F9AE7d04BB9306cdfaAa940B5C660d18D11bA2], sender: 0x2514844F312c02Ae3C9d4fEb40db4eC8830b6844)
    │   ├─ emit StrategyAdded(strategy: YieldStrategy: [0xa5F9AE7d04BB9306cdfaAa940B5C660d18D11bA2])
    │   └─ ← [Return]
    ├─ [0] console::log("Strategy added to vault") [staticcall]
    │   └─ ← [Stop]
    ├─ [0] console::log("\n=== Step 5: Deploying YieldOrchestrator ===") [staticcall]
    │   └─ ← [Stop]
    ├─ [1465024] → new YieldOrchestrator@0x59891902AC1998E171B7A8E5bc4109A8e335bCB9
    │   ├─ emit RoleGranted(role: 0x0000000000000000000000000000000000000000000000000000000000000000, account: 0x2514844F312c02Ae3C9d4fEb40db4eC8830b6844, sender: 0x2514844F312c02Ae3C9d4fEb40db4eC8830b6844)
    │   ├─ emit RoleGranted(role: 0x97667070c54ef182b0f5858b034beac1b6f3089aa2d3188bb1e8929f4fa9b929, account: 0x2514844F312c02Ae3C9d4fEb40db4eC8830b6844, sender: 0x2514844F312c02Ae3C9d4fEb40db4eC8830b6844)
    │   └─ ← [Return] 6960 bytes of code
    ├─ [0] console::log("YieldOrchestrator deployed at:", YieldOrchestrator: [0x59891902AC1998E171B7A8E5bc4109A8e335bCB9]) [staticcall]
    │   └─ ← [Stop]
    ├─ [0] console::log("\n=== Step 6: Registering Strategy ===") [staticcall]
    │   └─ ← [Stop]
    ├─ [92189] YieldOrchestrator::setStrategy(0x94a9D9AC8a22534E3FaCa9F4e7F2E2cf85d5E4C8, YieldStrategy: [0xa5F9AE7d04BB9306cdfaAa940B5C660d18D11bA2])
    │   ├─ [483] YieldStrategy::asset() [staticcall]
    │   │   └─ ← [Return] 0x94a9D9AC8a22534E3FaCa9F4e7F2E2cf85d5E4C8
    │   ├─ emit StrategySet(asset: 0x94a9D9AC8a22534E3FaCa9F4e7F2E2cf85d5E4C8, strategy: YieldStrategy: [0xa5F9AE7d04BB9306cdfaAa940B5C660d18D11bA2])
    │   └─ ← [Stop]
    ├─ [0] console::log("Strategy registered in orchestrator") [staticcall]
    │   └─ ← [Stop]
    ├─ [0] console::log("\n=== Step 7: Deploying YieldReallocator ===") [staticcall]
    │   └─ ← [Stop]
    ├─ [1152770] → new YieldReallocator@0x8834087Dde2C279f0ED2a35e18dc9DD266928200
    │   ├─ emit RoleGranted(role: 0x0000000000000000000000000000000000000000000000000000000000000000, account: 0x2514844F312c02Ae3C9d4fEb40db4eC8830b6844, sender: 0x2514844F312c02Ae3C9d4fEb40db4eC8830b6844)
    │   ├─ emit RoleGranted(role: 0x97667070c54ef182b0f5858b034beac1b6f3089aa2d3188bb1e8929f4fa9b929, account: 0x2514844F312c02Ae3C9d4fEb40db4eC8830b6844, sender: 0x2514844F312c02Ae3C9d4fEb40db4eC8830b6844)
    │   └─ ← [Return] 5402 bytes of code
    ├─ [0] console::log("YieldReallocator deployed at:", YieldReallocator: [0x8834087Dde2C279f0ED2a35e18dc9DD266928200]) [staticcall]
    │   └─ ← [Stop]
    ├─ [0] console::log("\n=== Step 8: Granting Roles ===") [staticcall]
    │   └─ ← [Stop]
    ├─ [25380] YieldStrategy::addOperator(YieldOrchestrator: [0x59891902AC1998E171B7A8E5bc4109A8e335bCB9])
    │   ├─ emit RoleGranted(role: 0x97667070c54ef182b0f5858b034beac1b6f3089aa2d3188bb1e8929f4fa9b929, account: YieldOrchestrator: [0x59891902AC1998E171B7A8E5bc4109A8e335bCB9], sender: 0x2514844F312c02Ae3C9d4fEb40db4eC8830b6844)
    │   └─ ← [Stop]
    ├─ [25380] YieldStrategy::addOperator(YieldReallocator: [0x8834087Dde2C279f0ED2a35e18dc9DD266928200])
    │   ├─ emit RoleGranted(role: 0x97667070c54ef182b0f5858b034beac1b6f3089aa2d3188bb1e8929f4fa9b929, account: YieldReallocator: [0x8834087Dde2C279f0ED2a35e18dc9DD266928200], sender: 0x2514844F312c02Ae3C9d4fEb40db4eC8830b6844)
    │   └─ ← [Stop]
    ├─ [0] console::log("Orchestrator and Reallocator granted operator role in strategy") [staticcall]
    │   └─ ← [Stop]
    ├─ [25660] YieldVault::addOperator(YieldOrchestrator: [0x59891902AC1998E171B7A8E5bc4109A8e335bCB9])
    │   ├─ emit RoleGranted(role: 0x97667070c54ef182b0f5858b034beac1b6f3089aa2d3188bb1e8929f4fa9b929, account: YieldOrchestrator: [0x59891902AC1998E171B7A8E5bc4109A8e335bCB9], sender: 0x2514844F312c02Ae3C9d4fEb40db4eC8830b6844)
    │   └─ ← [Return]
    ├─ [1530] YieldVault::addOperator(0x2514844F312c02Ae3C9d4fEb40db4eC8830b6844)
    │   └─ ← [Return]
    ├─ [0] console::log("Orchestrator and operator granted operator role in vault") [staticcall]
    │   └─ ← [Stop]
    ├─ [0] VM::stopBroadcast()
    │   └─ ← [Return]
    ├─ [0] console::log("\n=== Deployment Complete ===") [staticcall]
    │   └─ ← [Stop]
    ├─ [0] console::log("YieldVault:", YieldVault: [0x9a8a9f2C29b0B4B1eB2dF330cD7Ed3BDb9fe9c32]) [staticcall]
    │   └─ ← [Stop]
    ├─ [0] console::log("YieldDistributor:", YieldDistributor: [0x8b3E7C3c85c9A72A70693905Ef414fcA009a2752]) [staticcall]
    │   └─ ← [Stop]
    ├─ [0] console::log("YieldStrategy:", YieldStrategy: [0xa5F9AE7d04BB9306cdfaAa940B5C660d18D11bA2]) [staticcall]
    │   └─ ← [Stop]
    ├─ [0] console::log("YieldOrchestrator:", YieldOrchestrator: [0x59891902AC1998E171B7A8E5bc4109A8e335bCB9]) [staticcall]
    │   └─ ← [Stop]
    ├─ [0] console::log("YieldReallocator:", YieldReallocator: [0x8834087Dde2C279f0ED2a35e18dc9DD266928200]) [staticcall]
    │   └─ ← [Stop]
    ├─ [0] console::log("\n=== Next Steps ===") [staticcall]
    │   └─ ← [Stop]
    ├─ [0] console::log("1. Fund operator wallet with USDC") [staticcall]
    │   └─ ← [Stop]
    ├─ [0] console::log("2. Use InteractWithSystem.s.sol to perform operations") [staticcall]
    │   └─ ← [Stop]
    ├─ [0] console::log("3. Recipients can be updated via distributor.setRecipients()") [staticcall]
    │   └─ ← [Stop]
    └─ ← [Return]


Script ran successfully.

== Logs ==
  Deploying from: 0x2514844F312c02Ae3C9d4fEb40db4eC8830b6844
  Operator (AI agent): 0x2514844F312c02Ae3C9d4fEb40db4eC8830b6844
  Deployer balance: 0 ETH
  Recipients: 0x0d8cE3C60C17f71171C5bAC1B40C05937b873711 0xF08936cA98E0a97F24c5D997Db2252ae6aCCaa21 0x0994b358dC0a58Dd2bD3cc222ef8ab6F1eB7BFEb
  
=== Step 1: Deploying YieldDistributor ===
  YieldDistributor deployed at: 0x8b3E7C3c85c9A72A70693905Ef414fcA009a2752
  Recipients count: 3
  
=== Step 2: Deploying YieldVault ===
  YieldVault deployed at: 0x9a8a9f2C29b0B4B1eB2dF330cD7Ed3BDb9fe9c32
  
=== Step 3: Deploying YieldStrategy ===
  YieldStrategy deployed at: 0xa5F9AE7d04BB9306cdfaAa940B5C660d18D11bA2
  
=== Step 4: Configuring Vault ===
  Strategy added to vault
  
=== Step 5: Deploying YieldOrchestrator ===
  YieldOrchestrator deployed at: 0x59891902AC1998E171B7A8E5bc4109A8e335bCB9
  
=== Step 6: Registering Strategy ===
  Strategy registered in orchestrator
  
=== Step 7: Deploying YieldReallocator ===
  YieldReallocator deployed at: 0x8834087Dde2C279f0ED2a35e18dc9DD266928200
  
=== Step 8: Granting Roles ===
  Orchestrator and Reallocator granted operator role in strategy
  Orchestrator and operator granted operator role in vault
  
=== Deployment Complete ===
  YieldVault: 0x9a8a9f2C29b0B4B1eB2dF330cD7Ed3BDb9fe9c32
  YieldDistributor: 0x8b3E7C3c85c9A72A70693905Ef414fcA009a2752
  YieldStrategy: 0xa5F9AE7d04BB9306cdfaAa940B5C660d18D11bA2
  YieldOrchestrator: 0x59891902AC1998E171B7A8E5bc4109A8e335bCB9
  YieldReallocator: 0x8834087Dde2C279f0ED2a35e18dc9DD266928200
  
=== Next Steps ===
  1. Fund operator wallet with USDC
  2. Use InteractWithSystem.s.sol to perform operations
  3. Recipients can be updated via distributor.setRecipients()

## Setting up 1 EVM.
==========================
Simulated On-chain Traces:

  [986436] → new YieldDistributor@0x8b3E7C3c85c9A72A70693905Ef414fcA009a2752
    ├─ emit RoleGranted(role: 0x0000000000000000000000000000000000000000000000000000000000000000, account: 0x2514844F312c02Ae3C9d4fEb40db4eC8830b6844, sender: 0x2514844F312c02Ae3C9d4fEb40db4eC8830b6844)
    ├─ emit RecipientAdded(recipient: 0x0d8cE3C60C17f71171C5bAC1B40C05937b873711)
    ├─ emit RecipientAdded(recipient: 0xF08936cA98E0a97F24c5D997Db2252ae6aCCaa21)
    ├─ emit RecipientAdded(recipient: 0x0994b358dC0a58Dd2bD3cc222ef8ab6F1eB7BFEb)
    └─ ← [Return] 3883 bytes of code

  [3001388] → new YieldVault@0x9a8a9f2C29b0B4B1eB2dF330cD7Ed3BDb9fe9c32
    ├─ [3331] 0x94a9D9AC8a22534E3FaCa9F4e7F2E2cf85d5E4C8::symbol() [staticcall]
    │   └─ ← [Return] "USDC"
    ├─ [1331] 0x94a9D9AC8a22534E3FaCa9F4e7F2E2cf85d5E4C8::symbol() [staticcall]
    │   └─ ← [Return] "USDC"
    ├─ [2335] 0x94a9D9AC8a22534E3FaCa9F4e7F2E2cf85d5E4C8::decimals() [staticcall]
    │   └─ ← [Return] 6
    ├─ emit RoleGranted(role: 0x0000000000000000000000000000000000000000000000000000000000000000, account: 0x2514844F312c02Ae3C9d4fEb40db4eC8830b6844, sender: 0x2514844F312c02Ae3C9d4fEb40db4eC8830b6844)
    ├─ emit RoleGranted(role: 0x65d7a28e3265b37a6474929f336521b332c1681b933f6cb9f3376673440d862a, account: 0x2514844F312c02Ae3C9d4fEb40db4eC8830b6844, sender: 0x2514844F312c02Ae3C9d4fEb40db4eC8830b6844)
    ├─ emit RoleGranted(role: 0x97667070c54ef182b0f5858b034beac1b6f3089aa2d3188bb1e8929f4fa9b929, account: 0x2514844F312c02Ae3C9d4fEb40db4eC8830b6844, sender: 0x2514844F312c02Ae3C9d4fEb40db4eC8830b6844)
    ├─ [24619] 0x94a9D9AC8a22534E3FaCa9F4e7F2E2cf85d5E4C8::approve(0x6Ae43d3271ff6888e7Fc43Fd7321a503ff738951, 115792089237316195423570985008687907853269984665640564039457584007913129639935 [1.157e77])
    │   ├─ emit Approval(owner: YieldVault: [0x9a8a9f2C29b0B4B1eB2dF330cD7Ed3BDb9fe9c32], spender: 0x6Ae43d3271ff6888e7Fc43Fd7321a503ff738951, value: 115792089237316195423570985008687907853269984665640564039457584007913129639935 [1.157e77])
    │   └─ ← [Return] true
    └─ ← [Return] 13766 bytes of code

  [1741551] → new YieldStrategy@0xa5F9AE7d04BB9306cdfaAa940B5C660d18D11bA2
    ├─ [581] YieldVault::asset() [staticcall]
    │   └─ ← [Return] 0x94a9D9AC8a22534E3FaCa9F4e7F2E2cf85d5E4C8
    ├─ emit RoleGranted(role: 0x0000000000000000000000000000000000000000000000000000000000000000, account: 0x2514844F312c02Ae3C9d4fEb40db4eC8830b6844, sender: 0x2514844F312c02Ae3C9d4fEb40db4eC8830b6844)
    ├─ emit RoleGranted(role: 0x97667070c54ef182b0f5858b034beac1b6f3089aa2d3188bb1e8929f4fa9b929, account: 0x2514844F312c02Ae3C9d4fEb40db4eC8830b6844, sender: 0x2514844F312c02Ae3C9d4fEb40db4eC8830b6844)
    ├─ emit RoleGranted(role: 0x65d7a28e3265b37a6474929f336521b332c1681b933f6cb9f3376673440d862a, account: 0x2514844F312c02Ae3C9d4fEb40db4eC8830b6844, sender: 0x2514844F312c02Ae3C9d4fEb40db4eC8830b6844)
    ├─ [24619] 0x94a9D9AC8a22534E3FaCa9F4e7F2E2cf85d5E4C8::approve(YieldVault: [0x9a8a9f2C29b0B4B1eB2dF330cD7Ed3BDb9fe9c32], 115792089237316195423570985008687907853269984665640564039457584007913129639935 [1.157e77])
    │   ├─ emit Approval(owner: YieldStrategy: [0xa5F9AE7d04BB9306cdfaAa940B5C660d18D11bA2], spender: YieldVault: [0x9a8a9f2C29b0B4B1eB2dF330cD7Ed3BDb9fe9c32], value: 115792089237316195423570985008687907853269984665640564039457584007913129639935 [1.157e77])
    │   └─ ← [Return] true
    └─ ← [Return] 7614 bytes of code

  [28221] YieldVault::addStrategy(YieldStrategy: [0xa5F9AE7d04BB9306cdfaAa940B5C660d18D11bA2])
    ├─ emit RoleGranted(role: 0x928286c473ded01ff8bf61a1986f14a0579066072fa8261442d9fea514d93a4c, account: YieldStrategy: [0xa5F9AE7d04BB9306cdfaAa940B5C660d18D11bA2], sender: 0x2514844F312c02Ae3C9d4fEb40db4eC8830b6844)
    ├─ emit StrategyAdded(strategy: YieldStrategy: [0xa5F9AE7d04BB9306cdfaAa940B5C660d18D11bA2])
    └─ ← [Return]

  [1465024] → new YieldOrchestrator@0x59891902AC1998E171B7A8E5bc4109A8e335bCB9
    ├─ emit RoleGranted(role: 0x0000000000000000000000000000000000000000000000000000000000000000, account: 0x2514844F312c02Ae3C9d4fEb40db4eC8830b6844, sender: 0x2514844F312c02Ae3C9d4fEb40db4eC8830b6844)
    ├─ emit RoleGranted(role: 0x97667070c54ef182b0f5858b034beac1b6f3089aa2d3188bb1e8929f4fa9b929, account: 0x2514844F312c02Ae3C9d4fEb40db4eC8830b6844, sender: 0x2514844F312c02Ae3C9d4fEb40db4eC8830b6844)
    └─ ← [Return] 6960 bytes of code

  [96689] YieldOrchestrator::setStrategy(0x94a9D9AC8a22534E3FaCa9F4e7F2E2cf85d5E4C8, YieldStrategy: [0xa5F9AE7d04BB9306cdfaAa940B5C660d18D11bA2])
    ├─ [483] YieldStrategy::asset() [staticcall]
    │   └─ ← [Return] 0x94a9D9AC8a22534E3FaCa9F4e7F2E2cf85d5E4C8
    ├─ emit StrategySet(asset: 0x94a9D9AC8a22534E3FaCa9F4e7F2E2cf85d5E4C8, strategy: YieldStrategy: [0xa5F9AE7d04BB9306cdfaAa940B5C660d18D11bA2])
    └─ ← [Stop]

  [1152770] → new YieldReallocator@0x8834087Dde2C279f0ED2a35e18dc9DD266928200
    ├─ emit RoleGranted(role: 0x0000000000000000000000000000000000000000000000000000000000000000, account: 0x2514844F312c02Ae3C9d4fEb40db4eC8830b6844, sender: 0x2514844F312c02Ae3C9d4fEb40db4eC8830b6844)
    ├─ emit RoleGranted(role: 0x97667070c54ef182b0f5858b034beac1b6f3089aa2d3188bb1e8929f4fa9b929, account: 0x2514844F312c02Ae3C9d4fEb40db4eC8830b6844, sender: 0x2514844F312c02Ae3C9d4fEb40db4eC8830b6844)
    └─ ← [Return] 5402 bytes of code

  [27380] YieldStrategy::addOperator(YieldOrchestrator: [0x59891902AC1998E171B7A8E5bc4109A8e335bCB9])
    ├─ emit RoleGranted(role: 0x97667070c54ef182b0f5858b034beac1b6f3089aa2d3188bb1e8929f4fa9b929, account: YieldOrchestrator: [0x59891902AC1998E171B7A8E5bc4109A8e335bCB9], sender: 0x2514844F312c02Ae3C9d4fEb40db4eC8830b6844)
    └─ ← [Stop]

  [27380] YieldStrategy::addOperator(YieldReallocator: [0x8834087Dde2C279f0ED2a35e18dc9DD266928200])
    ├─ emit RoleGranted(role: 0x97667070c54ef182b0f5858b034beac1b6f3089aa2d3188bb1e8929f4fa9b929, account: YieldReallocator: [0x8834087Dde2C279f0ED2a35e18dc9DD266928200], sender: 0x2514844F312c02Ae3C9d4fEb40db4eC8830b6844)
    └─ ← [Stop]

  [27660] YieldVault::addOperator(YieldOrchestrator: [0x59891902AC1998E171B7A8E5bc4109A8e335bCB9])
    ├─ emit RoleGranted(role: 0x97667070c54ef182b0f5858b034beac1b6f3089aa2d3188bb1e8929f4fa9b929, account: YieldOrchestrator: [0x59891902AC1998E171B7A8E5bc4109A8e335bCB9], sender: 0x2514844F312c02Ae3C9d4fEb40db4eC8830b6844)
    └─ ← [Return]

  [5530] YieldVault::addOperator(0x2514844F312c02Ae3C9d4fEb40db4eC8830b6844)
    └─ ← [Return]


==========================

Chain 11155111

Estimated gas price: 1.93700397 gwei

Estimated total gas used for script: 12603674

Estimated amount required: 0.02441336657458578 ETH

==========================


==========================

ONCHAIN EXECUTION COMPLETE & SUCCESSFUL.
##
Start verification for (5) contracts
Start verifying contract `0x8b3E7C3c85c9A72A70693905Ef414fcA009a2752` deployed on sepolia
EVM version: cancun
Compiler version: 0.8.24
Optimizations:    200
Constructor args: 0000000000000000000000002514844f312c02ae3c9d4feb40db4ec8830b6844000000000000000000000000000000000000000000000000000000000000004000000000000000000000000000000000000000000000000000000000000000030000000000000000000000000d8ce3c60c17f71171c5bac1b40c05937b873711000000000000000000000000f08936ca98e0a97f24c5d997db2252ae6accaa210000000000000000000000000994b358dc0a58dd2bd3cc222ef8ab6f1eb7bfeb

Submitting verification for [src/core/YieldDistributor.sol:YieldDistributor] 0x8b3E7C3c85c9A72A70693905Ef414fcA009a2752.
Submitted contract for verification:
	Response: `OK`
	GUID: `dka3ldlyjkfefexbehwt36ym5irs5eihawtw856tiis5ga3rbg`
	URL: https://sepolia.etherscan.io/address/0x8b3e7c3c85c9a72a70693905ef414fca009a2752
Contract verification status:
Response: `NOTOK`
Details: `Pending in queue`
Warning: Verification is still pending...; waiting 15 seconds before trying again (7 tries remaining)
Contract verification status:
Response: `OK`
Details: `Pass - Verified`
Contract successfully verified
Start verifying contract `0x9a8a9f2C29b0B4B1eB2dF330cD7Ed3BDb9fe9c32` deployed on sepolia
EVM version: cancun
Compiler version: 0.8.24
Optimizations:    200
Constructor args: 00000000000000000000000094a9d9ac8a22534e3faca9f4e7f2e2cf85d5e4c800000000000000000000000016da4541ad1807f4443d92d26044c1147406eb800000000000000000000000002514844f312c02ae3c9d4feb40db4ec8830b684400000000000000000000000000000000000000000000000000000000000003e80000000000000000000000006ae43d3271ff6888e7fc43fd7321a503ff7389510000000000000000000000002514844f312c02ae3c9d4feb40db4ec8830b6844

Submitting verification for [src/core/YieldVault.sol:YieldVault] 0x9a8a9f2C29b0B4B1eB2dF330cD7Ed3BDb9fe9c32.
Submitted contract for verification:
	Response: `OK`
	GUID: `6twapydiyewjg5cmc6wx2efcrhuwvmxgqpnnvhyasdshgqu2sb`
	URL: https://sepolia.etherscan.io/address/0x9a8a9f2c29b0b4b1eb2df330cd7ed3bdb9fe9c32
Contract verification status:
Response: `NOTOK`
Details: `Pending in queue`
Warning: Verification is still pending...; waiting 15 seconds before trying again (7 tries remaining)
Contract verification status:
Response: `OK`
Details: `Pass - Verified`
Contract successfully verified
Start verifying contract `0xa5F9AE7d04BB9306cdfaAa940B5C660d18D11bA2` deployed on sepolia
EVM version: cancun
Compiler version: 0.8.24
Optimizations:    200
Constructor args: 00000000000000000000000094a9d9ac8a22534e3faca9f4e7f2e2cf85d5e4c800000000000000000000000000000000000000000000000000000000000000c000000000000000000000000000000000000000000000000000000000000001000000000000000000000000009a8a9f2c29b0b4b1eb2df330cd7ed3bdb9fe9c320000000000000000000000008b3e7c3c85c9a72a70693905ef414fca009a27520000000000000000000000002514844f312c02ae3c9d4feb40db4ec8830b684400000000000000000000000000000000000000000000000000000000000000135969656c6420555344432053747261746567790000000000000000000000000000000000000000000000000000000000000000000000000000000000000000057955534443000000000000000000000000000000000000000000000000000000

Submitting verification for [src/core/YieldStrategy.sol:YieldStrategy] 0xa5F9AE7d04BB9306cdfaAa940B5C660d18D11bA2.
Submitted contract for verification:
	Response: `OK`
	GUID: `cirxhsetj75gmdhdutgqrv7nfpcym1dswj9prtgmjcysvcqpz3`
	URL: https://sepolia.etherscan.io/address/0xa5f9ae7d04bb9306cdfaaa940b5c660d18d11ba2
Contract verification status:
Response: `NOTOK`
Details: `Pending in queue`
Warning: Verification is still pending...; waiting 15 seconds before trying again (7 tries remaining)
Contract verification status:
Response: `OK`
Details: `Pass - Verified`
Contract successfully verified
Start verifying contract `0x59891902AC1998E171B7A8E5bc4109A8e335bCB9` deployed on sepolia
EVM version: cancun
Compiler version: 0.8.24
Optimizations:    200
Constructor args: 0000000000000000000000002514844f312c02ae3c9d4feb40db4ec8830b68440000000000000000000000002514844f312c02ae3c9d4feb40db4ec8830b68440000000000000000000000003bfa4769fb09eefc5a80d6e87c3b9c650f7ae48e0000000000000000000000000000000000000000000000000000000000000bb8

Submitting verification for [src/core/YieldOrchestrator.sol:YieldOrchestrator] 0x59891902AC1998E171B7A8E5bc4109A8e335bCB9.
Submitted contract for verification:
	Response: `OK`
	GUID: `vbkckhb4rjf6yiudbuusn2cu6ewfstypyi5dgsysdm2n7e5gys`
	URL: https://sepolia.etherscan.io/address/0x59891902ac1998e171b7a8e5bc4109a8e335bcb9
Contract verification status:
Response: `NOTOK`
Details: `Pending in queue`
Warning: Verification is still pending...; waiting 15 seconds before trying again (7 tries remaining)
Contract verification status:
Response: `OK`
Details: `Pass - Verified`
Contract successfully verified
Start verifying contract `0x8834087Dde2C279f0ED2a35e18dc9DD266928200` deployed on sepolia
EVM version: cancun
Compiler version: 0.8.24
Optimizations:    200
Constructor args: 0000000000000000000000002514844f312c02ae3c9d4feb40db4ec8830b68440000000000000000000000002514844f312c02ae3c9d4feb40db4ec8830b6844

Submitting verification for [src/core/YieldReallocator.sol:YieldReallocator] 0x8834087Dde2C279f0ED2a35e18dc9DD266928200.
Submitted contract for verification:
	Response: `OK`
	GUID: `1nk8fuprx7kmbqlryedgwiwcfazqmt9ghztb3rdbfqmsxscdcg`
	URL: https://sepolia.etherscan.io/address/0x8834087dde2c279f0ed2a35e18dc9dd266928200
Contract verification status:
Response: `NOTOK`
Details: `Pending in queue`
Warning: Verification is still pending...; waiting 15 seconds before trying again (7 tries remaining)
Contract verification status:
Response: `OK`
Details: `Pass - Verified`
Contract successfully verified
All (5) contracts were verified!

Transactions saved to: /Users/sam/yield-streamer-donation-flow/broadcast/DeployCompleteSystem.s.sol/11155111/run-latest.json

Sensitive values saved to: /Users/sam/yield-streamer-donation-flow/cache/DeployCompleteSystem.s.sol/11155111/run-latest.json

